<?xml version="1.0" encoding="UTF-8"?>
<!-- Generated by org.testng.reporters.JUnitReportReporter -->
<testsuite hostname="IMCCBCP291-MSL2" failures="0" tests="10" name="DataProvider.DiffTestParameterWithSameDataProvider" time="0.010" errors="0" timestamp="2022-02-09T18:43:34 IST" skipped="0">
  <testcase classname="DataProvider.DiffTestParameterWithSameDataProvider" name="userRegistration" time="0.001"/>
  <system-out/>
  <testcase classname="DataProvider.DiffTestParameterWithSameDataProvider" name="userRegistration" time="0.000"/>
  <system-out/>
  <testcase classname="DataProvider.DiffTestParameterWithSameDataProvider" name="loginUser" time="0.001"/>
  <system-out/>
  <testcase classname="DataProvider.DiffTestParameterWithSameDataProvider" name="userRegistration" time="0.000"/>
  <system-out/>
  <testcase classname="DataProvider.DiffTestParameterWithSameDataProvider" name="userRegistration" time="0.000"/>
  <system-out/>
  <testcase classname="DataProvider.DiffTestParameterWithSameDataProvider" name="loginUser" time="0.006"/>
  <system-out/>
  <testcase classname="DataProvider.DiffTestParameterWithSameDataProvider" name="loginUser" time="0.000"/>
  <system-out/>
  <testcase classname="DataProvider.DiffTestParameterWithSameDataProvider" name="loginUser" time="0.001"/>
  <system-out/>
  <testcase classname="DataProvider.DiffTestParameterWithSameDataProvider" name="loginUser" time="0.001"/>
  <system-out/>
  <testcase classname="DataProvider.DiffTestParameterWithSameDataProvider" name="userRegistration" time="0.000"/>
  <system-out/>
</testsuite> <!-- DataProvider.DiffTestParameterWithSameDataProvider -->
