<?xml version="1.0" encoding="UTF-8"?>
<!-- Generated by org.testng.reporters.JUnitReportReporter -->
<testsuite hostname="IMCCBCP291-MSL2" failures="0" tests="1" name="com.practice.ParameterTest" time="0.007" errors="0" timestamp="2022-02-06T20:53:38 IST" skipped="0">
  <testcase classname="com.practice.ParameterTest" name="login" time="0.007"/>
  <system-out/>
</testsuite> <!-- com.practice.ParameterTest -->
