<?xml version="1.0" encoding="UTF-8"?>
<!-- Generated by org.testng.reporters.JUnitReportReporter -->
<testsuite hostname="IMCCBCP291-MSL2" failures="0" tests="4" name="com.practice.TestNg" time="138.916" errors="0" timestamp="2022-04-18T12:02:43 IST" skipped="0">
  <testcase classname="com.practice.TestNg" name="DropDownTest" time="37.673"/>
  <system-out/>
  <testcase classname="com.practice.TestNg" name="loginTest" time="23.178"/>
  <system-out/>
  <testcase classname="com.practice.TestNg" name="navigate" time="54.145"/>
  <system-out/>
  <testcase classname="com.practice.TestNg" name="optOnTable" time="23.920"/>
  <system-out/>
</testsuite> <!-- com.practice.TestNg -->
