<?xml version="1.0" encoding="UTF-8"?>
<!-- Generated by org.testng.reporters.JUnitReportReporter -->
<testsuite hostname="IMCCBCP291-MSL2" failures="0" tests="1" name="com.database.DataBase1" time="0.376" errors="0" timestamp="2022-02-11T14:02:38 IST" skipped="0">
  <testcase classname="com.database.DataBase1" name="insertdata" time="0.376"/>
  <system-out/>
</testsuite> <!-- com.database.DataBase1 -->
