<?xml version="1.0" encoding="UTF-8"?>
<!-- Generated by org.testng.reporters.JUnitReportReporter -->
<testsuite hostname="IMCCBCP291-MSL2" failures="0" tests="1" name="com.database.SeleniumDataBaseTest" time="15.480" errors="0" timestamp="2022-02-09T23:40:53 IST" skipped="0">
  <testcase classname="com.database.SeleniumDataBaseTest" name="SeleniumDataBaseTesting" time="15.480"/>
  <system-out/>
</testsuite> <!-- com.database.SeleniumDataBaseTest -->
