<?xml version="1.0" encoding="UTF-8"?>
<!-- Generated by org.testng.reporters.JUnitReportReporter -->
<testsuite hostname="IMCCBCP291-MSL2" failures="0" tests="2" name="com.practice.ParameterTestForMultipleTestCases" time="0.000" errors="0" timestamp="2022-02-09T19:55:49 IST" skipped="2">
  <testcase classname="com.practice.ParameterTestForMultipleTestCases" name="registration" time="0.000">
    <skipped/>
  </testcase> <!-- registration -->
  <system-out/>
  <testcase classname="com.practice.ParameterTestForMultipleTestCases" name="loginUser1" time="0.000">
    <skipped/>
  </testcase> <!-- loginUser1 -->
  <system-out/>
</testsuite> <!-- com.practice.ParameterTestForMultipleTestCases -->
