<?xml version="1.0" encoding="UTF-8"?>
<!-- Generated by org.testng.reporters.JUnitReportReporter -->
<testsuite hostname="IMCCBCP291-MSL2" failures="0" tests="2" name="com.database.DataBaseTestOnForm" time="45.266" errors="0" timestamp="2022-02-10T21:06:51 IST" skipped="0">
  <testcase classname="com.database.DataBaseTestOnForm" name="databaseTest" time="44.334"/>
  <system-out/>
  <testcase classname="com.database.DataBaseTestOnForm" name="test_case2" time="0.932"/>
  <system-out/>
</testsuite> <!-- com.database.DataBaseTestOnForm -->
