<?xml version="1.0" encoding="UTF-8"?>
<!-- Generated by org.testng.reporters.JUnitReportReporter -->
<testsuite hostname="IMCCBCP291-MSL2" failures="0" tests="2" name="com.practice.Task" time="0.007" errors="0" timestamp="2022-02-04T16:28:36 IST" skipped="0">
  <testcase classname="com.practice.Task" name="doSeondTest" time="0.004"/>
  <system-out/>
  <testcase classname="com.practice.Task" name="doFirstTest" time="0.003"/>
  <system-out/>
</testsuite> <!-- com.practice.Task -->
