<?xml version="1.0" encoding="UTF-8"?>
<!-- Generated by org.testng.reporters.JUnitReportReporter -->
<testsuite hostname="IMCCBCP291-MSL2" failures="0" tests="3" name="com.practice.TestNg1" time="27.313" errors="0" timestamp="2022-04-08T10:45:20 IST" skipped="0">
  <testcase classname="com.practice.TestNg1" name="pagination" time="16.944"/>
  <system-out/>
  <testcase classname="com.practice.TestNg1" name="dualBoxSearch" time="8.773"/>
  <system-out/>
  <testcase classname="com.practice.TestNg1" name="searchData" time="1.596"/>
  <system-out/>
</testsuite> <!-- com.practice.TestNg1 -->
