<?xml version="1.0" encoding="UTF-8"?>
<!-- Generated by org.testng.reporters.JUnitReportReporter -->
<testsuite hostname="IMCCBCP291-MSL2" failures="0" tests="1" name="com.database.TestDataBase" time="0.469" errors="0" timestamp="2022-02-11T09:07:45 IST" skipped="0">
  <testcase classname="com.database.TestDataBase" name="SeleniumDataBaseTesting" time="0.469"/>
  <system-out/>
</testsuite> <!-- com.database.TestDataBase -->
