<?xml version="1.0" encoding="UTF-8"?>
<!-- Generated by org.testng.reporters.JUnitReportReporter -->
<testsuite hostname="IMCCBCP291-MSL2" failures="0" tests="10" name="com.DataProvider.DiffTestParameterWithSameDataProvider" time="0.012" errors="0" timestamp="2022-02-09T19:52:30 IST" skipped="0">
  <testcase classname="com.DataProvider.DiffTestParameterWithSameDataProvider" name="registration" time="0.001"/>
  <system-out/>
  <testcase classname="com.DataProvider.DiffTestParameterWithSameDataProvider" name="registration" time="0.001"/>
  <system-out/>
  <testcase classname="com.DataProvider.DiffTestParameterWithSameDataProvider" name="login" time="0.005"/>
  <system-out/>
  <testcase classname="com.DataProvider.DiffTestParameterWithSameDataProvider" name="registration" time="0.001"/>
  <system-out/>
  <testcase classname="com.DataProvider.DiffTestParameterWithSameDataProvider" name="login" time="0.001"/>
  <system-out/>
  <testcase classname="com.DataProvider.DiffTestParameterWithSameDataProvider" name="login" time="0.000"/>
  <system-out/>
  <testcase classname="com.DataProvider.DiffTestParameterWithSameDataProvider" name="login" time="0.001"/>
  <system-out/>
  <testcase classname="com.DataProvider.DiffTestParameterWithSameDataProvider" name="registration" time="0.001"/>
  <system-out/>
  <testcase classname="com.DataProvider.DiffTestParameterWithSameDataProvider" name="login" time="0.000"/>
  <system-out/>
  <testcase classname="com.DataProvider.DiffTestParameterWithSameDataProvider" name="registration" time="0.001"/>
  <system-out/>
</testsuite> <!-- com.DataProvider.DiffTestParameterWithSameDataProvider -->
