<?xml version="1.0" encoding="UTF-8"?>
<!-- Generated by org.testng.reporters.JUnitReportReporter -->
<testsuite hostname="IMCCBCP291-MSL2" failures="0" tests="10" name="com.dataProvider.TestParameterWithMultipleTestCases" time="0.012" errors="0" timestamp="2022-03-07T10:02:47 IST" skipped="0">
  <testcase classname="com.dataProvider.TestParameterWithMultipleTestCases" name="login" time="0.004"/>
  <system-out/>
  <testcase classname="com.dataProvider.TestParameterWithMultipleTestCases" name="login" time="0.001"/>
  <system-out/>
  <testcase classname="com.dataProvider.TestParameterWithMultipleTestCases" name="registration" time="0.001"/>
  <system-out/>
  <testcase classname="com.dataProvider.TestParameterWithMultipleTestCases" name="registration" time="0.002"/>
  <system-out/>
  <testcase classname="com.dataProvider.TestParameterWithMultipleTestCases" name="login" time="0.001"/>
  <system-out/>
  <testcase classname="com.dataProvider.TestParameterWithMultipleTestCases" name="registration" time="0.000"/>
  <system-out/>
  <testcase classname="com.dataProvider.TestParameterWithMultipleTestCases" name="login" time="0.001"/>
  <system-out/>
  <testcase classname="com.dataProvider.TestParameterWithMultipleTestCases" name="login" time="0.001"/>
  <system-out/>
  <testcase classname="com.dataProvider.TestParameterWithMultipleTestCases" name="registration" time="0.001"/>
  <system-out/>
  <testcase classname="com.dataProvider.TestParameterWithMultipleTestCases" name="registration" time="0.000"/>
  <system-out/>
</testsuite> <!-- com.dataProvider.TestParameterWithMultipleTestCases -->
